04/28/2023 13:50:40 Nullable object must have a value.
System.InvalidOperationException: Nullable object must have a value.
   at System.Nullable`1.get_Value()
   at Am.Service.Services.WeatherService.AddAsync(RequestModel payloadList) in C:\New folder (2)\New folder\T2Premittance-main\Am.Service\Services\WeatherService.cs:line 35
   at Am.Api.Controllers.WeatherController.AddTransaction(RequestModel payloadList) in C:\New folder (2)\New folder\T2Premittance-main\Am.Api\Controllers\WeatherController.cs:line 29
   at lambda_method6(Closure , Object )
   at Microsoft.AspNetCore.Mvc.Infrastructure.ActionMethodExecutor.TaskOfActionResultExecutor.Execute(IActionResultTypeMapper mapper, ObjectMethodExecutor executor, Object controller, Object[] arguments)
   at Microsoft.AspNetCore.Mvc.Infrastructure.ControllerActionInvoker.<InvokeActionMethodAsync>g__Awaited|12_0(ControllerActionInvoker invoker, ValueTask`1 actionResultValueTask)
   at Microsoft.AspNetCore.Mvc.Infrastructure.ControllerActionInvoker.<InvokeNextActionFilterAsync>g__Awaited|10_0(ControllerActionInvoker invoker, Task lastTask, State next, Scope scope, Object state, Boolean isCompleted)
   at Microsoft.AspNetCore.Mvc.Infrastructure.ControllerActionInvoker.Rethrow(ActionExecutedContextSealed context)
   at Microsoft.AspNetCore.Mvc.Infrastructure.ControllerActionInvoker.Next(State& next, Scope& scope, Object& state, Boolean& isCompleted)
   at Microsoft.AspNetCore.Mvc.Infrastructure.ControllerActionInvoker.InvokeInnerFilterAsync()
--- End of stack trace from previous location ---
   at Microsoft.AspNetCore.Mvc.Infrastructure.ResourceInvoker.<InvokeNextExceptionFilterAsync>g__Awaited|26_0(ResourceInvoker invoker, Task lastTask, State next, Scope scope, Object state, Boolean isCompleted)
04/28/2023 13:54:31 Nullable object must have a value.
System.InvalidOperationException: Nullable object must have a value.
   at System.Nullable`1.get_Value()
   at Am.Service.Services.WeatherService.AddAsync(RequestModel payloadList) in C:\New folder (2)\New folder\T2Premittance-main\Am.Service\Services\WeatherService.cs:line 35
   at Am.Api.Controllers.WeatherController.AddTransaction(RequestModel payloadList) in C:\New folder (2)\New folder\T2Premittance-main\Am.Api\Controllers\WeatherController.cs:line 29
   at lambda_method6(Closure , Object )
   at Microsoft.AspNetCore.Mvc.Infrastructure.ActionMethodExecutor.TaskOfActionResultExecutor.Execute(IActionResultTypeMapper mapper, ObjectMethodExecutor executor, Object controller, Object[] arguments)
   at Microsoft.AspNetCore.Mvc.Infrastructure.ControllerActionInvoker.<InvokeActionMethodAsync>g__Awaited|12_0(ControllerActionInvoker invoker, ValueTask`1 actionResultValueTask)
   at Microsoft.AspNetCore.Mvc.Infrastructure.ControllerActionInvoker.<InvokeNextActionFilterAsync>g__Awaited|10_0(ControllerActionInvoker invoker, Task lastTask, State next, Scope scope, Object state, Boolean isCompleted)
   at Microsoft.AspNetCore.Mvc.Infrastructure.ControllerActionInvoker.Rethrow(ActionExecutedContextSealed context)
   at Microsoft.AspNetCore.Mvc.Infrastructure.ControllerActionInvoker.Next(State& next, Scope& scope, Object& state, Boolean& isCompleted)
   at Microsoft.AspNetCore.Mvc.Infrastructure.ControllerActionInvoker.InvokeInnerFilterAsync()
--- End of stack trace from previous location ---
   at Microsoft.AspNetCore.Mvc.Infrastructure.ResourceInvoker.<InvokeNextExceptionFilterAsync>g__Awaited|26_0(ResourceInvoker invoker, Task lastTask, State next, Scope scope, Object state, Boolean isCompleted)
04/28/2023 13:58:23 Failed executing DbCommand ("0"ms) [Parameters=[""], CommandType='Text', CommandTimeout='30']"
""CREATE TABLE [Weather] (
    [Id] bigint NOT NULL IDENTITY,
    [Temperature] int NULL,
    [Humidity] int NULL,
    [Occupancy] bit NULL,
    [CreatedDate] datetime2 NOT NULL,
    [UpdatedDate] datetime2 NULL,
    [CreatedBy] nvarchar(max) NOT NULL,
    [UpdatedBy] nvarchar(max) NOT NULL,
    [IsActive] bit NOT NULL,
    CONSTRAINT [PK_Weather] PRIMARY KEY ([Id])
);"
04/28/2023 14:02:00 Nullable object must have a value.
System.InvalidOperationException: Nullable object must have a value.
   at System.Nullable`1.get_Value()
   at Am.Service.Services.WeatherService.AddAsync(RequestModel payloadList) in C:\New folder (2)\New folder\T2Premittance-main\Am.Service\Services\WeatherService.cs:line 35
   at Am.Api.Controllers.WeatherController.AddTransaction(RequestModel payloadList) in C:\New folder (2)\New folder\T2Premittance-main\Am.Api\Controllers\WeatherController.cs:line 29
   at lambda_method6(Closure , Object )
   at Microsoft.AspNetCore.Mvc.Infrastructure.ActionMethodExecutor.TaskOfActionResultExecutor.Execute(IActionResultTypeMapper mapper, ObjectMethodExecutor executor, Object controller, Object[] arguments)
   at Microsoft.AspNetCore.Mvc.Infrastructure.ControllerActionInvoker.<InvokeActionMethodAsync>g__Awaited|12_0(ControllerActionInvoker invoker, ValueTask`1 actionResultValueTask)
   at Microsoft.AspNetCore.Mvc.Infrastructure.ControllerActionInvoker.<InvokeNextActionFilterAsync>g__Awaited|10_0(ControllerActionInvoker invoker, Task lastTask, State next, Scope scope, Object state, Boolean isCompleted)
   at Microsoft.AspNetCore.Mvc.Infrastructure.ControllerActionInvoker.Rethrow(ActionExecutedContextSealed context)
   at Microsoft.AspNetCore.Mvc.Infrastructure.ControllerActionInvoker.Next(State& next, Scope& scope, Object& state, Boolean& isCompleted)
   at Microsoft.AspNetCore.Mvc.Infrastructure.ControllerActionInvoker.InvokeInnerFilterAsync()
--- End of stack trace from previous location ---
   at Microsoft.AspNetCore.Mvc.Infrastructure.ResourceInvoker.<InvokeNextExceptionFilterAsync>g__Awaited|26_0(ResourceInvoker invoker, Task lastTask, State next, Scope scope, Object state, Boolean isCompleted)
04/28/2023 14:16:03 Request JSON data: "{\"deviceId\":\"ibm-878A66\",\"deviceType\":\"computer1.0.0\",\"deviceName\":\"VN1-1-3\",\"groupId\":\"847b3b2f1b05dc4\",\"dataType\":\"DATA\",\"data\":{\"fullPowerMode\":false,\"activePowerControl\":false,\"firmwareVersion\":1,\"temperature\":21,\"humidity\":53,\"version\":null,\"messageType\":null,\"occupancy\":null,\"stateChanged\":null},\"timestamp\":1629369697}"
04/28/2023 14:16:40 Request JSON data: "{\"deviceId\":\"ibm-00976A\",\"deviceType\":\"computer1.0.0\",\"deviceName\":\"VN1-1-4\",\"groupId\":\"49548881c4d2bea9\",\"dataType\":\"DATA\",\"data\":{\"fullPowerMode\":null,\"activePowerControl\":null,\"firmwareVersion\":null,\"temperature\":null,\"humidity\":null,\"version\":3,\"messageType\":\"periodic\",\"occupancy\":false,\"stateChanged\":0},\"timestamp\":1629629040}"
